{
  "RSpec": {
    "coverage": {
      "/Users/karanyedlawar/Desktop/TekSystem/teksystems_weather_app/app/helpers/application_helper.rb": {
        "lines": [
          1,
          null
        ]
      },
      "/Users/karanyedlawar/Desktop/TekSystem/teksystems_weather_app/app/services/weather/cache_service.rb": {
        "lines": [
          1,
          1,
          1,
          null,
          1,
          3,
          3,
          null,
          null,
          3,
          null,
          2,
          null,
          null,
          2,
          1,
          null,
          null,
          null,
          2,
          null,
          null,
          1,
          2,
          null,
          null,
          2,
          null,
          2,
          null,
          null,
          2,
          1,
          1,
          null,
          null,
          null,
          1,
          null,
          null,
          null
        ]
      },
      "/Users/karanyedlawar/Desktop/TekSystem/teksystems_weather_app/app/controllers/weather/forecasts_controller.rb": {
        "lines": [
          1,
          1,
          1,
          null,
          null,
          1,
          3,
          3,
          null,
          null,
          2,
          2,
          null,
          null,
          2,
          2,
          null,
          null,
          2,
          null,
          null,
          null,
          null,
          null,
          null,
          null,
          null,
          null,
          1,
          null,
          null,
          1,
          1,
          null,
          null,
          null
        ]
      },
      "/Users/karanyedlawar/Desktop/TekSystem/teksystems_weather_app/app/controllers/application_controller.rb": {
        "lines": [
          1,
          null
        ]
      },
      "/Users/karanyedlawar/Desktop/TekSystem/teksystems_weather_app/app/services/weather/location_service.rb": {
        "lines": [
          1,
          1,
          null,
          1,
          null,
          1,
          null,
          2,
          2,
          null,
          null,
          2,
          2,
          2,
          null,
          2,
          null,
          null,
          2,
          null,
          null,
          null
        ]
      },
      "/Users/karanyedlawar/Desktop/TekSystem/teksystems_weather_app/app/channels/application_cable/channel.rb": {
        "lines": [
          0,
          0,
          0,
          0
        ],
        "branches": {
        }
      },
      "/Users/karanyedlawar/Desktop/TekSystem/teksystems_weather_app/app/channels/application_cable/connection.rb": {
        "lines": [
          0,
          0,
          0,
          0
        ],
        "branches": {
        }
      },
      "/Users/karanyedlawar/Desktop/TekSystem/teksystems_weather_app/app/jobs/application_job.rb": {
        "lines": [
          0,
          null,
          null,
          null,
          null,
          null,
          0
        ],
        "branches": {
        }
      },
      "/Users/karanyedlawar/Desktop/TekSystem/teksystems_weather_app/app/mailers/application_mailer.rb": {
        "lines": [
          0,
          0,
          0,
          0
        ],
        "branches": {
        }
      },
      "/Users/karanyedlawar/Desktop/TekSystem/teksystems_weather_app/app/models/application_record.rb": {
        "lines": [
          0,
          0,
          0
        ],
        "branches": {
        }
      }
    },
    "timestamp": 1749097404
  }
}
